<?xml version="1.0" encoding="UTF-8"?>
<!-- Generated by org.testng.reporters.JUnitReportReporter -->
<testsuite hostname="INLEN8520063175" failures="0" tests="14" name="TestNG_DEmo.ExtentReportsDemo" time="0.022" errors="0" timestamp="2022-11-11T20:12:54 IST" skipped="0">
  <testcase classname="TestNG_DEmo.ExtentReportsDemo" name="hompage" time="0.001"/>
  <system-out/>
  <testcase classname="TestNG_DEmo.ExtentReportsDemo" name="searchcontext" time="0.001"/>
  <system-out/>
  <testcase classname="TestNG_DEmo.ExtentReportsDemo" name="searchcontext" time="0.000"/>
  <system-out/>
  <testcase classname="TestNG_DEmo.ExtentReportsDemo" name="searchcontext" time="0.000"/>
  <system-out/>
  <testcase classname="TestNG_DEmo.ExtentReportsDemo" name="searchcontext" time="0.001"/>
  <system-out/>
  <testcase classname="TestNG_DEmo.ExtentReportsDemo" name="searchcontext" time="0.001"/>
  <system-out/>
  <testcase classname="TestNG_DEmo.ExtentReportsDemo" name="searchcontext" time="0.001"/>
  <system-out/>
  <testcase classname="TestNG_DEmo.ExtentReportsDemo" name="searchcontext" time="0.002"/>
  <system-out/>
  <testcase classname="TestNG_DEmo.ExtentReportsDemo" name="searchcontext" time="0.000"/>
  <system-out/>
  <testcase classname="TestNG_DEmo.ExtentReportsDemo" name="searchcontext" time="0.000"/>
  <system-out/>
  <testcase classname="TestNG_DEmo.ExtentReportsDemo" name="searchcontext" time="0.001"/>
  <system-out/>
  <testcase classname="TestNG_DEmo.ExtentReportsDemo" name="login" time="0.001"/>
  <system-out/>
  <testcase classname="TestNG_DEmo.ExtentReportsDemo" name="addtocart" time="0.002"/>
  <system-out/>
  <testcase classname="TestNG_DEmo.ExtentReportsDemo" name="addtocart" time="0.011"/>
  <system-out/>
</testsuite> <!-- TestNG_DEmo.ExtentReportsDemo -->
