<?xml version="1.0" encoding="UTF-8"?>
<!-- Generated by org.testng.reporters.JUnitReportReporter -->
<testsuite hostname="INLEN8520063175" failures="0" tests="2" name="TestNG_DEmo.ExtentDemo" time="5.830" errors="0" timestamp="2022-11-11T20:12:54 IST" skipped="0">
  <testcase classname="TestNG_DEmo.ExtentDemo" name="extentReportsDemo" time="3.049"/>
  <system-out/>
  <testcase classname="TestNG_DEmo.ExtentDemo" name="extentReportsDemo1" time="2.781"/>
  <system-out/>
</testsuite> <!-- TestNG_DEmo.ExtentDemo -->
