<?xml version="1.0" encoding="UTF-8"?>
<!-- Generated by org.testng.reporters.JUnitReportReporter -->
<testsuite hostname="INLEN8520063175" failures="0" tests="2" name="TestNG_DEmo.Day1" time="0.011" errors="0" timestamp="2022-11-09T19:54:54 IST" skipped="0">
  <testcase classname="TestNG_DEmo.Day1" name="test2" time="0.006"/>
  <system-out/>
  <testcase classname="TestNG_DEmo.Day1" name="test1" time="0.005"/>
  <system-out/>
</testsuite> <!-- TestNG_DEmo.Day1 -->
